2026-07-08 23:52:51,082 [INFO] AurikaTracking: Initializing Aurika Tracking Pipeline...
2026-07-08 23:52:51,125 [INFO] AurikaTracking: Active environment: local
2026-07-08 23:52:51,125 [INFO] AurikaTracking: Resolved Video Path: ./videos/Dark_lighting.mp4
2026-07-08 23:52:51,125 [INFO] AurikaTracking: Resolved Model Path: ./models/yolo11l.pt
2026-07-08 23:52:51,125 [INFO] AurikaTracking: Resolved Output Directory: /Users/tusharbhatt/Desktop/Aurika-Tracking-v2/runs
2026-07-08 23:52:51,125 [INFO] AurikaTracking: Loading YOLO model from models/yolo11l.pt...
2026-07-08 23:52:51,297 [INFO] AurikaTracking: YOLO model loaded successfully. Classes detected: {0: 'person', 1: 'bicycle', 2: 'car', 3: 'motorcycle', 4: 'airplane', 5: 'bus', 6: 'train', 7: 'truck', 8: 'boat', 9: 'traffic light', 10: 'fire hydrant', 11: 'stop sign', 12: 'parking meter', 13: 'bench', 14: 'bird', 15: 'cat', 16: 'dog', 17: 'horse', 18: 'sheep', 19: 'cow', 20: 'elephant', 21: 'bear', 22: 'zebra', 23: 'giraffe', 24: 'backpack', 25: 'umbrella', 26: 'handbag', 27: 'tie', 28: 'suitcase', 29: 'frisbee', 30: 'skis', 31: 'snowboard', 32: 'sports ball', 33: 'kite', 34: 'baseball bat', 35: 'baseball glove', 36: 'skateboard', 37: 'surfboard', 38: 'tennis racket', 39: 'bottle', 40: 'wine glass', 41: 'cup', 42: 'fork', 43: 'knife', 44: 'spoon', 45: 'bowl', 46: 'banana', 47: 'apple', 48: 'sandwich', 49: 'orange', 50: 'broccoli', 51: 'carrot', 52: 'hot dog', 53: 'pizza', 54: 'donut', 55: 'cake', 56: 'chair', 57: 'couch', 58: 'potted plant', 59: 'bed', 60: 'dining table', 61: 'toilet', 62: 'tv', 63: 'laptop', 64: 'mouse', 65: 'remote', 66: 'keyboard', 67: 'cell phone', 68: 'microwave', 69: 'oven', 70: 'toaster', 71: 'sink', 72: 'refrigerator', 73: 'book', 74: 'clock', 75: 'vase', 76: 'scissors', 77: 'teddy bear', 78: 'hair drier', 79: 'toothbrush'}
2026-07-08 23:52:51,371 [INFO] AurikaTracking: Video loaded: Dark_lighting.mp4 | Resolution: 1280x720 | FPS: 29.97 | Total Frames: 17815
2026-07-08 23:52:51,371 [INFO] AurikaTracking: GMC is disabled (set to 'none').
2026-07-08 23:52:51,371 [INFO] AurikaTracking: Target output video: /Users/tusharbhatt/Desktop/Aurika-Tracking-v2/runs/output.mp4
2026-07-08 23:52:51,375 [INFO] AurikaTracking: Starting processing loop. Please wait...
2026-07-08 23:53:10,503 [INFO] AurikaTracking: Processed frame 50/17815 (0.3%)
2026-07-08 23:53:27,919 [INFO] AurikaTracking: Processed frame 100/17815 (0.6%)
2026-07-08 23:53:44,122 [INFO] AurikaTracking: Processed frame 150/17815 (0.8%)
2026-07-08 23:54:00,632 [INFO] AurikaTracking: Processed frame 200/17815 (1.1%)
2026-07-08 23:54:19,003 [INFO] AurikaTracking: Processed frame 250/17815 (1.4%)
2026-07-08 23:54:34,986 [INFO] AurikaTracking: Processed frame 300/17815 (1.7%)
2026-07-08 23:54:50,999 [INFO] AurikaTracking: Processed frame 350/17815 (2.0%)
2026-07-08 23:55:06,735 [INFO] AurikaTracking: Processed frame 400/17815 (2.2%)
2026-07-08 23:55:22,639 [INFO] AurikaTracking: Processed frame 450/17815 (2.5%)
2026-07-08 23:55:38,489 [INFO] AurikaTracking: Processed frame 500/17815 (2.8%)
2026-07-08 23:55:54,117 [INFO] AurikaTracking: Processed frame 550/17815 (3.1%)
2026-07-08 23:56:10,202 [INFO] AurikaTracking: Processed frame 600/17815 (3.4%)
2026-07-08 23:56:27,214 [INFO] AurikaTracking: Processed frame 650/17815 (3.6%)
2026-07-08 23:56:43,294 [INFO] AurikaTracking: Processed frame 700/17815 (3.9%)
2026-07-08 23:56:59,515 [INFO] AurikaTracking: Processed frame 750/17815 (4.2%)
2026-07-08 23:57:15,785 [INFO] AurikaTracking: Processed frame 800/17815 (4.5%)
2026-07-08 23:57:31,576 [INFO] AurikaTracking: Processed frame 850/17815 (4.8%)
2026-07-08 23:57:46,821 [INFO] AurikaTracking: Processed frame 900/17815 (5.1%)
2026-07-08 23:58:02,504 [INFO] AurikaTracking: Processed frame 950/17815 (5.3%)
2026-07-08 23:58:19,551 [INFO] AurikaTracking: Processed frame 1000/17815 (5.6%)
2026-07-08 23:58:34,879 [INFO] AurikaTracking: Processed frame 1050/17815 (5.9%)
2026-07-08 23:58:52,925 [INFO] AurikaTracking: Processed frame 1100/17815 (6.2%)
2026-07-08 23:59:11,246 [INFO] AurikaTracking: Processed frame 1150/17815 (6.5%)
2026-07-08 23:59:26,972 [INFO] AurikaTracking: Processed frame 1200/17815 (6.7%)
2026-07-08 23:59:42,896 [INFO] AurikaTracking: Processed frame 1250/17815 (7.0%)
2026-07-08 23:59:59,377 [INFO] AurikaTracking: Processed frame 1300/17815 (7.3%)
2026-07-09 00:00:17,906 [INFO] AurikaTracking: Processed frame 1350/17815 (7.6%)
2026-07-09 00:00:35,159 [INFO] AurikaTracking: Processed frame 1400/17815 (7.9%)
2026-07-09 00:00:54,101 [INFO] AurikaTracking: Processed frame 1450/17815 (8.1%)
2026-07-09 00:01:14,040 [INFO] AurikaTracking: Processed frame 1500/17815 (8.4%)
2026-07-09 00:01:31,844 [INFO] AurikaTracking: Processed frame 1550/17815 (8.7%)
2026-07-09 00:01:49,539 [INFO] AurikaTracking: Processed frame 1600/17815 (9.0%)
2026-07-09 00:02:11,532 [INFO] AurikaTracking: Processed frame 1650/17815 (9.3%)
2026-07-09 00:02:30,780 [INFO] AurikaTracking: Processed frame 1700/17815 (9.5%)
2026-07-09 00:02:49,727 [INFO] AurikaTracking: Processed frame 1750/17815 (9.8%)
2026-07-09 00:03:13,278 [INFO] AurikaTracking: Processed frame 1800/17815 (10.1%)
2026-07-09 00:03:36,122 [INFO] AurikaTracking: Processed frame 1850/17815 (10.4%)
2026-07-09 00:03:54,869 [INFO] AurikaTracking: Processed frame 1900/17815 (10.7%)
2026-07-09 00:04:13,494 [INFO] AurikaTracking: Processed frame 1950/17815 (10.9%)
2026-07-09 00:04:32,080 [INFO] AurikaTracking: Processed frame 2000/17815 (11.2%)
2026-07-09 00:04:49,234 [INFO] AurikaTracking: Processed frame 2050/17815 (11.5%)
2026-07-09 00:05:08,360 [INFO] AurikaTracking: Processed frame 2100/17815 (11.8%)
2026-07-09 00:05:26,969 [INFO] AurikaTracking: Processed frame 2150/17815 (12.1%)
2026-07-09 00:05:46,054 [INFO] AurikaTracking: Processed frame 2200/17815 (12.3%)
2026-07-09 00:06:05,327 [INFO] AurikaTracking: Processed frame 2250/17815 (12.6%)
2026-07-09 00:06:24,321 [INFO] AurikaTracking: Processed frame 2300/17815 (12.9%)
2026-07-09 00:06:43,565 [INFO] AurikaTracking: Processed frame 2350/17815 (13.2%)
2026-07-09 00:07:02,322 [INFO] AurikaTracking: Processed frame 2400/17815 (13.5%)
2026-07-09 00:07:20,447 [INFO] AurikaTracking: Processed frame 2450/17815 (13.8%)
2026-07-09 00:07:39,087 [INFO] AurikaTracking: Processed frame 2500/17815 (14.0%)
2026-07-09 00:07:59,805 [INFO] AurikaTracking: Processed frame 2550/17815 (14.3%)
2026-07-09 00:08:19,143 [INFO] AurikaTracking: Processed frame 2600/17815 (14.6%)
2026-07-09 00:08:41,230 [INFO] AurikaTracking: Processed frame 2650/17815 (14.9%)
2026-07-09 00:09:04,031 [INFO] AurikaTracking: Processed frame 2700/17815 (15.2%)
2026-07-09 00:09:28,034 [INFO] AurikaTracking: Processed frame 2750/17815 (15.4%)
2026-07-09 00:09:52,447 [INFO] AurikaTracking: Processed frame 2800/17815 (15.7%)
2026-07-09 00:10:13,101 [INFO] AurikaTracking: Processed frame 2850/17815 (16.0%)
2026-07-09 00:10:33,905 [INFO] AurikaTracking: Processed frame 2900/17815 (16.3%)
2026-07-09 00:10:54,144 [INFO] AurikaTracking: Processed frame 2950/17815 (16.6%)
2026-07-09 00:11:14,435 [INFO] AurikaTracking: Processed frame 3000/17815 (16.8%)
2026-07-09 00:11:33,534 [INFO] AurikaTracking: Processed frame 3050/17815 (17.1%)
2026-07-09 00:11:53,660 [INFO] AurikaTracking: Processed frame 3100/17815 (17.4%)
2026-07-09 00:12:16,829 [INFO] AurikaTracking: Processed frame 3150/17815 (17.7%)
2026-07-09 00:12:36,643 [INFO] AurikaTracking: Processed frame 3200/17815 (18.0%)
2026-07-09 00:12:56,886 [INFO] AurikaTracking: Processed frame 3250/17815 (18.2%)
2026-07-09 00:13:17,677 [INFO] AurikaTracking: Processed frame 3300/17815 (18.5%)
2026-07-09 00:13:38,915 [INFO] AurikaTracking: Processed frame 3350/17815 (18.8%)
2026-07-09 00:13:58,016 [INFO] AurikaTracking: Processed frame 3400/17815 (19.1%)
2026-07-09 00:14:18,346 [INFO] AurikaTracking: Processed frame 3450/17815 (19.4%)
2026-07-09 00:14:35,483 [INFO] AurikaTracking: Processed frame 3500/17815 (19.6%)
2026-07-09 00:14:53,043 [INFO] AurikaTracking: Processed frame 3550/17815 (19.9%)
2026-07-09 00:15:11,646 [INFO] AurikaTracking: Processed frame 3600/17815 (20.2%)
2026-07-09 00:15:29,085 [INFO] AurikaTracking: Processed frame 3650/17815 (20.5%)
2026-07-09 00:15:46,504 [INFO] AurikaTracking: Processed frame 3700/17815 (20.8%)
2026-07-09 00:16:05,131 [INFO] AurikaTracking: Processed frame 3750/17815 (21.0%)
2026-07-09 00:16:24,381 [INFO] AurikaTracking: Processed frame 3800/17815 (21.3%)
2026-07-09 00:16:43,885 [INFO] AurikaTracking: Processed frame 3850/17815 (21.6%)
2026-07-09 00:17:01,608 [INFO] AurikaTracking: Processed frame 3900/17815 (21.9%)
2026-07-09 00:17:23,342 [INFO] AurikaTracking: Processed frame 3950/17815 (22.2%)
2026-07-09 00:17:42,088 [INFO] AurikaTracking: Processed frame 4000/17815 (22.5%)
2026-07-09 00:18:01,748 [INFO] AurikaTracking: Processed frame 4050/17815 (22.7%)
2026-07-09 00:18:20,576 [INFO] AurikaTracking: Processed frame 4100/17815 (23.0%)
2026-07-09 00:18:38,718 [INFO] AurikaTracking: Processed frame 4150/17815 (23.3%)
2026-07-09 00:18:57,352 [INFO] AurikaTracking: Processed frame 4200/17815 (23.6%)
2026-07-09 00:19:18,005 [INFO] AurikaTracking: Processed frame 4250/17815 (23.9%)
2026-07-09 00:19:40,779 [INFO] AurikaTracking: Processed frame 4300/17815 (24.1%)
2026-07-09 00:20:03,413 [INFO] AurikaTracking: Processed frame 4350/17815 (24.4%)
2026-07-09 00:20:25,573 [INFO] AurikaTracking: Processed frame 4400/17815 (24.7%)
2026-07-09 00:20:46,952 [INFO] AurikaTracking: Processed frame 4450/17815 (25.0%)
2026-07-09 00:21:09,456 [INFO] AurikaTracking: Processed frame 4500/17815 (25.3%)
2026-07-09 00:21:33,207 [INFO] AurikaTracking: Processed frame 4550/17815 (25.5%)
2026-07-09 00:21:53,463 [INFO] AurikaTracking: Processed frame 4600/17815 (25.8%)
2026-07-09 00:22:16,346 [INFO] AurikaTracking: Processed frame 4650/17815 (26.1%)
2026-07-09 00:22:41,089 [INFO] AurikaTracking: Processed frame 4700/17815 (26.4%)
2026-07-09 00:23:02,270 [INFO] AurikaTracking: Processed frame 4750/17815 (26.7%)
2026-07-09 00:23:25,048 [INFO] AurikaTracking: Processed frame 4800/17815 (26.9%)
2026-07-09 00:23:48,645 [INFO] AurikaTracking: Processed frame 4850/17815 (27.2%)
2026-07-09 00:24:08,830 [INFO] AurikaTracking: Processed frame 4900/17815 (27.5%)
2026-07-09 00:24:30,009 [INFO] AurikaTracking: Processed frame 4950/17815 (27.8%)
2026-07-09 00:24:51,287 [INFO] AurikaTracking: Processed frame 5000/17815 (28.1%)
2026-07-09 00:25:09,782 [INFO] AurikaTracking: Processed frame 5050/17815 (28.3%)
2026-07-09 00:25:27,741 [INFO] AurikaTracking: Processed frame 5100/17815 (28.6%)
2026-07-09 00:25:45,687 [INFO] AurikaTracking: Processed frame 5150/17815 (28.9%)
2026-07-09 00:26:03,814 [INFO] AurikaTracking: Processed frame 5200/17815 (29.2%)
2026-07-09 00:26:21,271 [INFO] AurikaTracking: Processed frame 5250/17815 (29.5%)
2026-07-09 00:26:38,515 [INFO] AurikaTracking: Processed frame 5300/17815 (29.8%)
2026-07-09 00:26:55,802 [INFO] AurikaTracking: Processed frame 5350/17815 (30.0%)
2026-07-09 00:27:13,600 [INFO] AurikaTracking: Processed frame 5400/17815 (30.3%)
2026-07-09 00:27:31,001 [INFO] AurikaTracking: Processed frame 5450/17815 (30.6%)
2026-07-09 00:27:51,834 [INFO] AurikaTracking: Processed frame 5500/17815 (30.9%)
2026-07-09 00:28:15,056 [INFO] AurikaTracking: Processed frame 5550/17815 (31.2%)
2026-07-09 00:28:37,324 [INFO] AurikaTracking: Processed frame 5600/17815 (31.4%)
2026-07-09 00:29:00,373 [INFO] AurikaTracking: Processed frame 5650/17815 (31.7%)
2026-07-09 00:29:22,614 [INFO] AurikaTracking: Processed frame 5700/17815 (32.0%)
2026-07-09 00:29:45,965 [INFO] AurikaTracking: Processed frame 5750/17815 (32.3%)
2026-07-09 00:30:05,369 [INFO] AurikaTracking: Processed frame 5800/17815 (32.6%)
2026-07-09 00:30:24,372 [INFO] AurikaTracking: Processed frame 5850/17815 (32.8%)
2026-07-09 00:30:43,260 [INFO] AurikaTracking: Processed frame 5900/17815 (33.1%)
2026-07-09 00:31:01,271 [INFO] AurikaTracking: Processed frame 5950/17815 (33.4%)
2026-07-09 00:31:19,471 [INFO] AurikaTracking: Processed frame 6000/17815 (33.7%)
2026-07-09 00:33:05,995 [INFO] AurikaTracking: Processed frame 6050/17815 (34.0%)
2026-07-09 00:34:32,415 [INFO] AurikaTracking: Processed frame 6100/17815 (34.2%)
2026-07-09 00:35:55,366 [INFO] AurikaTracking: Processed frame 6150/17815 (34.5%)
2026-07-09 00:36:58,176 [INFO] AurikaTracking: Processed frame 6200/17815 (34.8%)
2026-07-09 00:37:47,337 [INFO] AurikaTracking: Processed frame 6250/17815 (35.1%)
2026-07-09 00:38:31,269 [INFO] AurikaTracking: Processed frame 6300/17815 (35.4%)
2026-07-09 00:39:12,482 [INFO] AurikaTracking: Processed frame 6350/17815 (35.6%)
2026-07-09 00:39:51,625 [INFO] AurikaTracking: Processed frame 6400/17815 (35.9%)
2026-07-09 00:40:25,558 [INFO] AurikaTracking: Processed frame 6450/17815 (36.2%)
2026-07-09 00:41:02,196 [INFO] AurikaTracking: Processed frame 6500/17815 (36.5%)
2026-07-09 00:41:39,973 [INFO] AurikaTracking: Processed frame 6550/17815 (36.8%)
2026-07-09 00:42:13,281 [INFO] AurikaTracking: Processed frame 6600/17815 (37.0%)
2026-07-09 00:42:42,029 [INFO] AurikaTracking: Processed frame 6650/17815 (37.3%)
2026-07-09 00:43:03,400 [INFO] AurikaTracking: Processed frame 6700/17815 (37.6%)
2026-07-09 00:43:24,631 [INFO] AurikaTracking: Processed frame 6750/17815 (37.9%)
2026-07-09 00:43:50,987 [INFO] AurikaTracking: Processed frame 6800/17815 (38.2%)
2026-07-09 00:44:11,277 [INFO] AurikaTracking: Processed frame 6850/17815 (38.5%)
2026-07-09 00:44:36,952 [INFO] AurikaTracking: Processed frame 6900/17815 (38.7%)
2026-07-09 00:45:06,998 [INFO] AurikaTracking: Processed frame 6950/17815 (39.0%)
2026-07-09 00:45:36,197 [INFO] AurikaTracking: Processed frame 7000/17815 (39.3%)
2026-07-09 00:46:06,404 [INFO] AurikaTracking: Processed frame 7050/17815 (39.6%)
2026-07-09 00:46:34,505 [INFO] AurikaTracking: Processed frame 7100/17815 (39.9%)
2026-07-09 00:47:01,176 [INFO] AurikaTracking: Processed frame 7150/17815 (40.1%)
2026-07-09 00:47:25,933 [INFO] AurikaTracking: Processed frame 7200/17815 (40.4%)
2026-07-09 00:47:50,483 [INFO] AurikaTracking: Processed frame 7250/17815 (40.7%)
2026-07-09 00:48:16,130 [INFO] AurikaTracking: Processed frame 7300/17815 (41.0%)
2026-07-09 00:48:41,334 [INFO] AurikaTracking: Processed frame 7350/17815 (41.3%)
2026-07-09 00:49:06,455 [INFO] AurikaTracking: Processed frame 7400/17815 (41.5%)
2026-07-09 00:49:37,966 [INFO] AurikaTracking: Processed frame 7450/17815 (41.8%)
2026-07-09 00:49:58,216 [INFO] AurikaTracking: Processed frame 7500/17815 (42.1%)
2026-07-09 00:50:19,087 [INFO] AurikaTracking: Processed frame 7550/17815 (42.4%)
2026-07-09 00:50:38,607 [INFO] AurikaTracking: Processed frame 7600/17815 (42.7%)
2026-07-09 00:51:04,633 [INFO] AurikaTracking: Processed frame 7650/17815 (42.9%)
2026-07-09 00:51:25,922 [INFO] AurikaTracking: Processed frame 7700/17815 (43.2%)
2026-07-09 00:51:42,986 [INFO] AurikaTracking: Processed frame 7750/17815 (43.5%)
2026-07-09 00:52:07,677 [INFO] AurikaTracking: Processed frame 7800/17815 (43.8%)
2026-07-09 00:52:24,021 [INFO] AurikaTracking: Processed frame 7850/17815 (44.1%)
2026-07-09 00:52:39,512 [INFO] AurikaTracking: Processed frame 7900/17815 (44.3%)
2026-07-09 00:52:54,137 [INFO] AurikaTracking: Processed frame 7950/17815 (44.6%)
2026-07-09 00:53:09,437 [INFO] AurikaTracking: Processed frame 8000/17815 (44.9%)
2026-07-09 00:53:23,703 [INFO] AurikaTracking: Processed frame 8050/17815 (45.2%)
2026-07-09 00:53:38,108 [INFO] AurikaTracking: Processed frame 8100/17815 (45.5%)
2026-07-09 00:53:52,333 [INFO] AurikaTracking: Processed frame 8150/17815 (45.7%)
2026-07-09 00:54:09,029 [INFO] AurikaTracking: Processed frame 8200/17815 (46.0%)
2026-07-09 00:55:04,330 [INFO] AurikaTracking: Processed frame 8250/17815 (46.3%)
2026-07-09 00:55:32,237 [INFO] AurikaTracking: Processed frame 8300/17815 (46.6%)
2026-07-09 00:56:25,301 [INFO] AurikaTracking: Processed frame 8350/17815 (46.9%)
2026-07-09 00:56:41,947 [INFO] AurikaTracking: Processed frame 8400/17815 (47.2%)
2026-07-09 00:56:58,979 [INFO] AurikaTracking: Processed frame 8450/17815 (47.4%)
2026-07-09 00:57:15,754 [INFO] AurikaTracking: Processed frame 8500/17815 (47.7%)
2026-07-09 00:57:32,263 [INFO] AurikaTracking: Processed frame 8550/17815 (48.0%)
2026-07-09 00:57:47,759 [INFO] AurikaTracking: Processed frame 8600/17815 (48.3%)
2026-07-09 00:58:02,617 [INFO] AurikaTracking: Processed frame 8650/17815 (48.6%)
2026-07-09 00:58:17,540 [INFO] AurikaTracking: Processed frame 8700/17815 (48.8%)
2026-07-09 00:58:33,369 [INFO] AurikaTracking: Processed frame 8750/17815 (49.1%)
2026-07-09 00:58:48,314 [INFO] AurikaTracking: Processed frame 8800/17815 (49.4%)
2026-07-09 00:59:03,464 [INFO] AurikaTracking: Processed frame 8850/17815 (49.7%)
2026-07-09 00:59:18,258 [INFO] AurikaTracking: Processed frame 8900/17815 (50.0%)
2026-07-09 00:59:33,357 [INFO] AurikaTracking: Processed frame 8950/17815 (50.2%)
2026-07-09 00:59:48,647 [INFO] AurikaTracking: Processed frame 9000/17815 (50.5%)
2026-07-09 01:00:13,349 [INFO] AurikaTracking: Processed frame 9050/17815 (50.8%)
2026-07-09 01:00:38,179 [INFO] AurikaTracking: Processed frame 9100/17815 (51.1%)
2026-07-09 01:00:55,448 [INFO] AurikaTracking: Processed frame 9150/17815 (51.4%)
2026-07-09 01:01:16,982 [INFO] AurikaTracking: Processed frame 9200/17815 (51.6%)
2026-07-09 01:01:34,766 [INFO] AurikaTracking: Processed frame 9250/17815 (51.9%)
2026-07-09 01:01:58,164 [INFO] AurikaTracking: Processed frame 9300/17815 (52.2%)
2026-07-09 01:02:20,778 [INFO] AurikaTracking: Processed frame 9350/17815 (52.5%)
2026-07-09 01:02:42,422 [INFO] AurikaTracking: Processed frame 9400/17815 (52.8%)
2026-07-09 01:03:06,522 [INFO] AurikaTracking: Processed frame 9450/17815 (53.0%)
2026-07-09 01:03:26,314 [INFO] AurikaTracking: Processed frame 9500/17815 (53.3%)
2026-07-09 01:03:42,860 [INFO] AurikaTracking: Processed frame 9550/17815 (53.6%)
2026-07-09 01:04:02,050 [INFO] AurikaTracking: Processed frame 9600/17815 (53.9%)
2026-07-09 01:04:20,753 [INFO] AurikaTracking: Processed frame 9650/17815 (54.2%)
2026-07-09 01:04:38,803 [INFO] AurikaTracking: Processed frame 9700/17815 (54.4%)
2026-07-09 01:04:57,433 [INFO] AurikaTracking: Processed frame 9750/17815 (54.7%)
2026-07-09 01:05:15,750 [INFO] AurikaTracking: Processed frame 9800/17815 (55.0%)
2026-07-09 01:05:35,380 [INFO] AurikaTracking: Processed frame 9850/17815 (55.3%)
2026-07-09 01:05:53,129 [INFO] AurikaTracking: Processed frame 9900/17815 (55.6%)
2026-07-09 01:06:11,695 [INFO] AurikaTracking: Processed frame 9950/17815 (55.9%)
2026-07-09 01:06:29,518 [INFO] AurikaTracking: Processed frame 10000/17815 (56.1%)
2026-07-09 01:06:46,786 [INFO] AurikaTracking: Processed frame 10050/17815 (56.4%)
2026-07-09 01:07:04,643 [INFO] AurikaTracking: Processed frame 10100/17815 (56.7%)
2026-07-09 01:07:22,015 [INFO] AurikaTracking: Processed frame 10150/17815 (57.0%)
2026-07-09 01:07:40,184 [INFO] AurikaTracking: Processed frame 10200/17815 (57.3%)
2026-07-09 01:08:01,274 [INFO] AurikaTracking: Processed frame 10250/17815 (57.5%)
2026-07-09 01:08:21,200 [INFO] AurikaTracking: Processed frame 10300/17815 (57.8%)
2026-07-09 01:08:58,079 [INFO] AurikaTracking: Processed frame 10350/17815 (58.1%)
2026-07-09 01:09:16,824 [INFO] AurikaTracking: Processed frame 10400/17815 (58.4%)
2026-07-09 01:09:35,707 [INFO] AurikaTracking: Processed frame 10450/17815 (58.7%)
2026-07-09 01:09:54,956 [INFO] AurikaTracking: Processed frame 10500/17815 (58.9%)
2026-07-09 01:10:15,708 [INFO] AurikaTracking: Processed frame 10550/17815 (59.2%)
2026-07-09 01:10:33,568 [INFO] AurikaTracking: Processed frame 10600/17815 (59.5%)
2026-07-09 01:10:51,184 [INFO] AurikaTracking: Processed frame 10650/17815 (59.8%)
2026-07-09 01:11:08,975 [INFO] AurikaTracking: Processed frame 10700/17815 (60.1%)
2026-07-09 01:11:26,209 [INFO] AurikaTracking: Processed frame 10750/17815 (60.3%)
2026-07-09 01:11:42,097 [INFO] AurikaTracking: Processed frame 10800/17815 (60.6%)
2026-07-09 01:11:58,106 [INFO] AurikaTracking: Processed frame 10850/17815 (60.9%)
2026-07-09 01:12:21,945 [INFO] AurikaTracking: Processed frame 10900/17815 (61.2%)
2026-07-09 01:12:39,828 [INFO] AurikaTracking: Processed frame 10950/17815 (61.5%)
2026-07-09 01:12:56,142 [INFO] AurikaTracking: Processed frame 11000/17815 (61.7%)
2026-07-09 01:13:11,699 [INFO] AurikaTracking: Processed frame 11050/17815 (62.0%)
2026-07-09 01:13:26,440 [INFO] AurikaTracking: Processed frame 11100/17815 (62.3%)
2026-07-09 01:13:41,749 [INFO] AurikaTracking: Processed frame 11150/17815 (62.6%)
2026-07-09 01:14:00,100 [INFO] AurikaTracking: Processed frame 11200/17815 (62.9%)
2026-07-09 01:14:18,012 [INFO] AurikaTracking: Processed frame 11250/17815 (63.1%)
2026-07-09 01:14:37,056 [INFO] AurikaTracking: Processed frame 11300/17815 (63.4%)
2026-07-09 01:14:58,519 [INFO] AurikaTracking: Processed frame 11350/17815 (63.7%)
2026-07-09 01:15:15,770 [INFO] AurikaTracking: Processed frame 11400/17815 (64.0%)
2026-07-09 01:15:32,601 [INFO] AurikaTracking: Processed frame 11450/17815 (64.3%)
2026-07-09 01:15:49,220 [INFO] AurikaTracking: Processed frame 11500/17815 (64.6%)
2026-07-09 01:16:07,850 [INFO] AurikaTracking: Processed frame 11550/17815 (64.8%)
2026-07-09 01:16:25,309 [INFO] AurikaTracking: Processed frame 11600/17815 (65.1%)
2026-07-09 01:16:40,965 [INFO] AurikaTracking: Processed frame 11650/17815 (65.4%)
2026-07-09 01:16:57,251 [INFO] AurikaTracking: Processed frame 11700/17815 (65.7%)
2026-07-09 01:17:13,786 [INFO] AurikaTracking: Processed frame 11750/17815 (66.0%)
2026-07-09 01:17:28,626 [INFO] AurikaTracking: Processed frame 11800/17815 (66.2%)
2026-07-09 01:17:43,575 [INFO] AurikaTracking: Processed frame 11850/17815 (66.5%)
2026-07-09 01:17:59,632 [INFO] AurikaTracking: Processed frame 11900/17815 (66.8%)
2026-07-09 01:18:14,642 [INFO] AurikaTracking: Processed frame 11950/17815 (67.1%)
2026-07-09 01:18:29,309 [INFO] AurikaTracking: Processed frame 12000/17815 (67.4%)
2026-07-09 01:18:43,992 [INFO] AurikaTracking: Processed frame 12050/17815 (67.6%)
2026-07-09 01:19:06,105 [INFO] AurikaTracking: Processed frame 12100/17815 (67.9%)
2026-07-09 01:19:21,732 [INFO] AurikaTracking: Processed frame 12150/17815 (68.2%)
2026-07-09 01:19:36,552 [INFO] AurikaTracking: Processed frame 12200/17815 (68.5%)
2026-07-09 01:19:51,679 [INFO] AurikaTracking: Processed frame 12250/17815 (68.8%)
2026-07-09 01:20:07,910 [INFO] AurikaTracking: Processed frame 12300/17815 (69.0%)
2026-07-09 01:20:24,378 [INFO] AurikaTracking: Processed frame 12350/17815 (69.3%)
2026-07-09 01:20:41,197 [INFO] AurikaTracking: Processed frame 12400/17815 (69.6%)
2026-07-09 01:20:57,347 [INFO] AurikaTracking: Processed frame 12450/17815 (69.9%)
2026-07-09 01:21:16,445 [INFO] AurikaTracking: Processed frame 12500/17815 (70.2%)
2026-07-09 01:21:35,436 [INFO] AurikaTracking: Processed frame 12550/17815 (70.4%)
2026-07-09 01:21:52,422 [INFO] AurikaTracking: Processed frame 12600/17815 (70.7%)
2026-07-09 01:22:11,287 [INFO] AurikaTracking: Processed frame 12650/17815 (71.0%)
2026-07-09 01:22:29,661 [INFO] AurikaTracking: Processed frame 12700/17815 (71.3%)
2026-07-09 01:22:48,733 [INFO] AurikaTracking: Processed frame 12750/17815 (71.6%)
2026-07-09 01:23:07,235 [INFO] AurikaTracking: Processed frame 12800/17815 (71.8%)
2026-07-09 01:23:23,718 [INFO] AurikaTracking: Processed frame 12850/17815 (72.1%)
2026-07-09 01:23:40,077 [INFO] AurikaTracking: Processed frame 12900/17815 (72.4%)
2026-07-09 01:23:56,326 [INFO] AurikaTracking: Processed frame 12950/17815 (72.7%)
2026-07-09 01:24:14,208 [INFO] AurikaTracking: Processed frame 13000/17815 (73.0%)
2026-07-09 01:24:31,109 [INFO] AurikaTracking: Processed frame 13050/17815 (73.3%)
2026-07-09 01:24:46,464 [INFO] AurikaTracking: Processed frame 13100/17815 (73.5%)
2026-07-09 01:25:01,327 [INFO] AurikaTracking: Processed frame 13150/17815 (73.8%)
2026-07-09 01:25:16,317 [INFO] AurikaTracking: Processed frame 13200/17815 (74.1%)
2026-07-09 01:25:31,484 [INFO] AurikaTracking: Processed frame 13250/17815 (74.4%)
2026-07-09 01:25:47,400 [INFO] AurikaTracking: Processed frame 13300/17815 (74.7%)
2026-07-09 01:26:03,029 [INFO] AurikaTracking: Processed frame 13350/17815 (74.9%)
2026-07-09 01:26:17,496 [INFO] AurikaTracking: Processed frame 13400/17815 (75.2%)
2026-07-09 01:26:31,852 [INFO] AurikaTracking: Processed frame 13450/17815 (75.5%)
2026-07-09 01:26:46,390 [INFO] AurikaTracking: Processed frame 13500/17815 (75.8%)
2026-07-09 01:27:01,081 [INFO] AurikaTracking: Processed frame 13550/17815 (76.1%)
2026-07-09 01:27:16,103 [INFO] AurikaTracking: Processed frame 13600/17815 (76.3%)
2026-07-09 01:27:30,756 [INFO] AurikaTracking: Processed frame 13650/17815 (76.6%)
2026-07-09 01:27:45,312 [INFO] AurikaTracking: Processed frame 13700/17815 (76.9%)
2026-07-09 01:28:00,303 [INFO] AurikaTracking: Processed frame 13750/17815 (77.2%)
2026-07-09 01:28:15,235 [INFO] AurikaTracking: Processed frame 13800/17815 (77.5%)
2026-07-09 01:28:29,835 [INFO] AurikaTracking: Processed frame 13850/17815 (77.7%)
2026-07-09 01:28:44,543 [INFO] AurikaTracking: Processed frame 13900/17815 (78.0%)
2026-07-09 01:28:59,023 [INFO] AurikaTracking: Processed frame 13950/17815 (78.3%)
2026-07-09 01:29:20,376 [INFO] AurikaTracking: Processed frame 14000/17815 (78.6%)
2026-07-09 01:29:39,185 [INFO] AurikaTracking: Processed frame 14050/17815 (78.9%)
2026-07-09 01:29:56,283 [INFO] AurikaTracking: Processed frame 14100/17815 (79.1%)
2026-07-09 01:30:13,883 [INFO] AurikaTracking: Processed frame 14150/17815 (79.4%)
2026-07-09 01:30:35,146 [INFO] AurikaTracking: Processed frame 14200/17815 (79.7%)
2026-07-09 01:30:58,688 [INFO] AurikaTracking: Processed frame 14250/17815 (80.0%)
2026-07-09 01:31:20,966 [INFO] AurikaTracking: Processed frame 14300/17815 (80.3%)
2026-07-09 01:31:44,192 [INFO] AurikaTracking: Processed frame 14350/17815 (80.6%)
2026-07-09 01:32:00,892 [INFO] AurikaTracking: Processed frame 14400/17815 (80.8%)
2026-07-09 01:32:16,942 [INFO] AurikaTracking: Processed frame 14450/17815 (81.1%)
2026-07-09 01:32:33,830 [INFO] AurikaTracking: Processed frame 14500/17815 (81.4%)
2026-07-09 01:32:49,275 [INFO] AurikaTracking: Processed frame 14550/17815 (81.7%)
2026-07-09 01:33:06,659 [INFO] AurikaTracking: Processed frame 14600/17815 (82.0%)
2026-07-09 01:33:25,088 [INFO] AurikaTracking: Processed frame 14650/17815 (82.2%)
2026-07-09 01:33:41,748 [INFO] AurikaTracking: Processed frame 14700/17815 (82.5%)
2026-07-09 01:33:57,132 [INFO] AurikaTracking: Processed frame 14750/17815 (82.8%)
2026-07-09 01:34:14,494 [INFO] AurikaTracking: Processed frame 14800/17815 (83.1%)
2026-07-09 01:34:30,066 [INFO] AurikaTracking: Processed frame 14850/17815 (83.4%)
2026-07-09 01:34:45,849 [INFO] AurikaTracking: Processed frame 14900/17815 (83.6%)
2026-07-09 01:35:08,865 [INFO] AurikaTracking: Processed frame 14950/17815 (83.9%)
2026-07-09 01:35:26,553 [INFO] AurikaTracking: Processed frame 15000/17815 (84.2%)
2026-07-09 01:35:43,542 [INFO] AurikaTracking: Processed frame 15050/17815 (84.5%)
2026-07-09 01:36:05,382 [INFO] AurikaTracking: Processed frame 15100/17815 (84.8%)
2026-07-09 01:36:28,453 [INFO] AurikaTracking: Processed frame 15150/17815 (85.0%)
2026-07-09 01:36:55,210 [INFO] AurikaTracking: Processed frame 15200/17815 (85.3%)
2026-07-09 01:37:15,809 [INFO] AurikaTracking: Processed frame 15250/17815 (85.6%)
2026-07-09 01:37:33,863 [INFO] AurikaTracking: Processed frame 15300/17815 (85.9%)
2026-07-09 01:37:49,129 [INFO] AurikaTracking: Processed frame 15350/17815 (86.2%)
2026-07-09 01:38:04,436 [INFO] AurikaTracking: Processed frame 15400/17815 (86.4%)
2026-07-09 01:38:19,329 [INFO] AurikaTracking: Processed frame 15450/17815 (86.7%)
2026-07-09 01:38:38,677 [INFO] AurikaTracking: Processed frame 15500/17815 (87.0%)
2026-07-09 01:38:56,476 [INFO] AurikaTracking: Processed frame 15550/17815 (87.3%)
2026-07-09 01:39:14,206 [INFO] AurikaTracking: Processed frame 15600/17815 (87.6%)
2026-07-09 01:39:32,102 [INFO] AurikaTracking: Processed frame 15650/17815 (87.8%)
2026-07-09 01:39:49,584 [INFO] AurikaTracking: Processed frame 15700/17815 (88.1%)
2026-07-09 01:40:05,058 [INFO] AurikaTracking: Processed frame 15750/17815 (88.4%)
2026-07-09 01:40:19,909 [INFO] AurikaTracking: Processed frame 15800/17815 (88.7%)
2026-07-09 01:40:34,696 [INFO] AurikaTracking: Processed frame 15850/17815 (89.0%)
2026-07-09 01:40:49,544 [INFO] AurikaTracking: Processed frame 15900/17815 (89.3%)
2026-07-09 01:41:05,300 [INFO] AurikaTracking: Processed frame 15950/17815 (89.5%)
2026-07-09 01:41:20,222 [INFO] AurikaTracking: Processed frame 16000/17815 (89.8%)
2026-07-09 01:41:34,968 [INFO] AurikaTracking: Processed frame 16050/17815 (90.1%)
2026-07-09 01:41:49,802 [INFO] AurikaTracking: Processed frame 16100/17815 (90.4%)
2026-07-09 01:42:04,629 [INFO] AurikaTracking: Processed frame 16150/17815 (90.7%)
2026-07-09 01:42:19,332 [INFO] AurikaTracking: Processed frame 16200/17815 (90.9%)
2026-07-09 01:42:34,765 [INFO] AurikaTracking: Processed frame 16250/17815 (91.2%)
2026-07-09 01:42:54,323 [INFO] AurikaTracking: Processed frame 16300/17815 (91.5%)
2026-07-09 01:43:20,529 [INFO] AurikaTracking: Processed frame 16350/17815 (91.8%)
2026-07-09 01:43:38,883 [INFO] AurikaTracking: Processed frame 16400/17815 (92.1%)
2026-07-09 01:43:56,242 [INFO] AurikaTracking: Processed frame 16450/17815 (92.3%)
2026-07-09 01:44:12,152 [INFO] AurikaTracking: Processed frame 16500/17815 (92.6%)
2026-07-09 01:44:27,437 [INFO] AurikaTracking: Processed frame 16550/17815 (92.9%)
2026-07-09 01:44:42,500 [INFO] AurikaTracking: Processed frame 16600/17815 (93.2%)
2026-07-09 01:44:57,872 [INFO] AurikaTracking: Processed frame 16650/17815 (93.5%)
2026-07-09 01:45:14,848 [INFO] AurikaTracking: Processed frame 16700/17815 (93.7%)
2026-07-09 01:45:36,079 [INFO] AurikaTracking: Processed frame 16750/17815 (94.0%)
2026-07-09 01:45:53,905 [INFO] AurikaTracking: Processed frame 16800/17815 (94.3%)
2026-07-09 01:46:09,508 [INFO] AurikaTracking: Processed frame 16850/17815 (94.6%)
2026-07-09 01:46:24,163 [INFO] AurikaTracking: Processed frame 16900/17815 (94.9%)
2026-07-09 01:46:38,578 [INFO] AurikaTracking: Processed frame 16950/17815 (95.1%)
2026-07-09 01:46:53,180 [INFO] AurikaTracking: Processed frame 17000/17815 (95.4%)
2026-07-09 01:47:08,252 [INFO] AurikaTracking: Processed frame 17050/17815 (95.7%)
2026-07-09 01:47:22,719 [INFO] AurikaTracking: Processed frame 17100/17815 (96.0%)
2026-07-09 01:47:37,236 [INFO] AurikaTracking: Processed frame 17150/17815 (96.3%)
2026-07-09 01:47:52,597 [INFO] AurikaTracking: Processed frame 17200/17815 (96.5%)
2026-07-09 01:48:09,749 [INFO] AurikaTracking: Processed frame 17250/17815 (96.8%)
2026-07-09 01:48:24,901 [INFO] AurikaTracking: Processed frame 17300/17815 (97.1%)
2026-07-09 01:48:39,770 [INFO] AurikaTracking: Processed frame 17350/17815 (97.4%)
2026-07-09 01:48:54,838 [INFO] AurikaTracking: Processed frame 17400/17815 (97.7%)
2026-07-09 01:49:10,446 [INFO] AurikaTracking: Processed frame 17450/17815 (98.0%)
2026-07-09 01:49:26,438 [INFO] AurikaTracking: Processed frame 17500/17815 (98.2%)
2026-07-09 01:49:44,570 [INFO] AurikaTracking: Processed frame 17550/17815 (98.5%)
2026-07-09 01:50:00,744 [INFO] AurikaTracking: Processed frame 17600/17815 (98.8%)
2026-07-09 01:50:16,315 [INFO] AurikaTracking: Processed frame 17650/17815 (99.1%)
2026-07-09 01:50:31,632 [INFO] AurikaTracking: Processed frame 17700/17815 (99.4%)
2026-07-09 01:50:46,664 [INFO] AurikaTracking: Processed frame 17750/17815 (99.6%)
2026-07-09 01:51:01,471 [INFO] AurikaTracking: Processed frame 17800/17815 (99.9%)
2026-07-09 01:51:06,207 [INFO] AurikaTracking: Processed frame 17815/17815 (100.0%)
2026-07-09 01:51:06,235 [INFO] AurikaTracking: Video resource released.
2026-07-09 01:51:06,274 [INFO] AurikaTracking: Pipeline completed successfully in 7094.88s. Frames processed: 17815/17815. Output saved to: /Users/tusharbhatt/Desktop/Aurika-Tracking-v2/runs/output.mp4
